<?xml version="1.0" encoding="UTF-8"?>
<testng-results ignored="0" total="1" passed="1" failed="0" skipped="0">
  <reporter-output>
  </reporter-output>
  <suite started-at="2024-08-31T00:54:07 IST" name="Default suite" finished-at="2024-08-31T00:54:24 IST" duration-ms="16236">
    <groups>
      <group name="cucumber">
        <method signature="AbstractTestNGCucumberTests.runScenario(io.cucumber.testng.PickleWrapper,io.cucumber.testng.FeatureWrapper)[pri:0, instance:RunnerFiles.RunnerFile@194fad1]" name="runScenario" class="io.cucumber.testng.AbstractTestNGCucumberTests"/>
      </group> <!-- cucumber -->
    </groups>
    <test started-at="2024-08-31T00:54:07 IST" name="Default test" finished-at="2024-08-31T00:54:24 IST" duration-ms="16236">
      <class name="RunnerFiles.RunnerFile">
        <test-method is-config="true" signature="setUpClass(org.testng.ITestContext)[pri:0, instance:RunnerFiles.RunnerFile@194fad1]" started-at="2024-08-31T00:54:07 IST" name="setUpClass" finished-at="2024-08-31T00:54:08 IST" duration-ms="579" status="PASS">
          <params>
            <param index="0">
              <value>
                <![CDATA[org.testng.TestRunner@71ad3d8a]]>
              </value>
            </param>
          </params>
          <reporter-output>
          </reporter-output>
        </test-method> <!-- setUpClass -->
        <test-method signature="runScenario(io.cucumber.testng.PickleWrapper,io.cucumber.testng.FeatureWrapper)[pri:0, instance:RunnerFiles.RunnerFile@194fad1]" started-at="2024-08-31T00:54:08 IST" name="runScenario" description="Runs Cucumber Scenarios" data-provider="scenarios" finished-at="2024-08-31T00:54:23 IST" duration-ms="15308" status="PASS">
          <params>
            <param index="0">
              <value>
                <![CDATA["Search the product and checkout the order"]]>
              </value>
            </param>
            <param index="1">
              <value>
                <![CDATA["Search and Chekout the Product"]]>
              </value>
            </param>
          </params>
          <reporter-output>
          </reporter-output>
        </test-method> <!-- runScenario -->
        <test-method is-config="true" signature="tearDownClass()[pri:0, instance:RunnerFiles.RunnerFile@194fad1]" started-at="2024-08-31T00:54:23 IST" name="tearDownClass" finished-at="2024-08-31T00:54:24 IST" duration-ms="310" status="PASS">
          <reporter-output>
          </reporter-output>
        </test-method> <!-- tearDownClass -->
      </class> <!-- RunnerFiles.RunnerFile -->
    </test> <!-- Default test -->
  </suite> <!-- Default suite -->
</testng-results>
